<?xml version="1.0" encoding="UTF-8"?>
<testng-results ignored="0" total="1" passed="1" failed="0" skipped="0">
  <reporter-output>
  </reporter-output>
  <suite started-at="2023-07-01T17:34:34 IST" name="Default suite" finished-at="2023-07-01T17:34:46 IST" duration-ms="11937">
    <groups>
    </groups>
    <test started-at="2023-07-01T17:34:34 IST" name="Default test" finished-at="2023-07-01T17:34:46 IST" duration-ms="11937">
      <class name="selenium.com.pages.Basics">
        <test-method signature="TestGoogle()[pri:0, instance:selenium.com.pages.Basics@4145bad8]" started-at="2023-07-01T17:34:34 IST" name="TestGoogle" finished-at="2023-07-01T17:34:46 IST" duration-ms="11909" status="PASS">
          <reporter-output>
          </reporter-output>
        </test-method> <!-- TestGoogle -->
      </class> <!-- selenium.com.pages.Basics -->
    </test> <!-- Default test -->
  </suite> <!-- Default suite -->
</testng-results>
